<?xml version="1.0" encoding="UTF-8"?>
<testng-results skipped="0" failed="0" ignored="0" total="1" passed="1">
  <reporter-output>
  </reporter-output>
  <suite name="Default suite" duration-ms="5292" started-at="2020-07-10T18:44:16Z" finished-at="2020-07-10T18:44:22Z">
    <groups>
    </groups>
    <test name="Default test" duration-ms="5292" started-at="2020-07-10T18:44:16Z" finished-at="2020-07-10T18:44:22Z">
      <class name="TestRun.TC_AmazonAPI_Automation">
        <test-method status="PASS" signature="completepurchase_placetheorder()[pri:0, instance:TestRun.TC_AmazonAPI_Automation@167c1fc]" name="completepurchase_placetheorder" duration-ms="5211" started-at="2020-07-10T18:44:16Z" finished-at="2020-07-10T18:44:22Z">
          <reporter-output>
          </reporter-output>
        </test-method> <!-- completepurchase_placetheorder -->
      </class> <!-- TestRun.TC_AmazonAPI_Automation -->
    </test> <!-- Default test -->
  </suite> <!-- Default suite -->
</testng-results>
